[2024-04-30 13:00:03] #WARNING  db_requests.py:115 - database.db_requests - Info for category Продукты wasn't found in db.
[2024-04-30 13:07:39] #WARNING  db_requests.py:115 - database.db_requests - Info for category Продукты wasn't found in db.
[2024-04-30 13:10:08] #WARNING  db_requests.py:115 - database.db_requests - Info for category Продукты wasn't found in db.
[2024-05-02 22:27:30] #WARNING  db_requests.py:51 - database.db_requests - Info for user 474783927 wasn't found in db.
[2024-05-03 19:06:49] #WARNING  db_requests.py:51 - database.db_requests - Info for user 474783927 wasn't found in db.
[2024-05-03 19:07:53] #WARNING  db_requests.py:51 - database.db_requests - Info for user 474783927 wasn't found in db.
[2024-05-03 19:08:10] #WARNING  db_requests.py:51 - database.db_requests - Info for user 474783927 wasn't found in db.
[2024-05-03 19:09:00] #WARNING  db_requests.py:51 - database.db_requests - Info for user 474783927 wasn't found in db.
[2024-05-03 19:09:46] #WARNING  db_requests.py:51 - database.db_requests - Info for user 474783927 wasn't found in db.
[2024-05-03 19:11:24] #WARNING  db_requests.py:51 - database.db_requests - Info for user 474783927 wasn't found in db.
[2024-05-03 19:11:57] #WARNING  db_requests.py:51 - database.db_requests - Info for user 474783927 wasn't found in db.
[2024-05-03 19:12:19] #WARNING  db_requests.py:51 - database.db_requests - Info for user 474783927 wasn't found in db.
[2024-05-03 19:58:47] #WARNING  db_requests.py:30 - database.db_requests - Attempt to add an existing user: 474783927.
[2024-05-03 20:05:16] #ERROR    db_requests.py:198 - database.db_requests - Info for expense Молоко wasn't found in db.
Traceback (most recent call last):
  File "/Users/nstitov/programming/finance_telegram_bot/database/db_requests.py", line 191, in get_expense_category_info
    expense_id, category_id, category_name = result.all()
    ^^^^^^^^^^^^^^^^^^^^^^^^^^^^^^^^^^^^^^
ValueError: not enough values to unpack (expected 3, got 0)
[2024-05-03 20:07:57] #WARNING  db_requests.py:195 - database.db_requests - Info for expense Молоко wasn't found in db.
[2024-05-03 20:28:02] #WARNING  db_requests.py:195 - database.db_requests - Info for expense Молоко wasn't found in db.
[2024-05-03 20:43:33] #WARNING  db_requests.py:192 - database.db_requests - Info for expense Молоко wasn't found in db.
[2024-05-03 20:48:19] #WARNING  db_requests.py:192 - database.db_requests - Info for expense Молоко wasn't found in db.
[2024-05-03 20:51:51] #WARNING  db_requests.py:192 - database.db_requests - Info for expense Молоко wasn't found in db.
[2024-05-03 20:55:56] #WARNING  db_requests.py:191 - database.db_requests - Info for expense Молоко wasn't found in db.
[2024-05-03 21:21:19] #WARNING  db_requests.py:192 - database.db_requests - Info for expense Молоко wasn't found in db.
[2024-05-03 21:23:30] #WARNING  db_requests.py:192 - database.db_requests - Info for expense Молоко wasn't found in db.
[2024-05-03 21:24:43] #WARNING  db_requests.py:192 - database.db_requests - Info for expense Молоко wasn't found in db.
[2024-05-03 21:32:48] #WARNING  db_requests.py:192 - database.db_requests - Info for expense Молоко wasn't found in db.
[2024-05-03 21:39:40] #WARNING  db_requests.py:192 - database.db_requests - Info for expense Молоко wasn't found in db.
[2024-05-03 21:53:04] #WARNING  db_requests.py:194 - database.db_requests - Info for expense Молоко wasn't found in db.
[2024-05-03 22:19:18] #WARNING  db_requests.py:192 - database.db_requests - Info for expense Молоко wasn't found in db.
[2024-05-03 22:24:56] #WARNING  db_requests.py:194 - database.db_requests - Info for expense Молоко wasn't found in db.
[2024-05-03 22:37:49] #WARNING  db_requests.py:194 - database.db_requests - Info for expense Молоко wasn't found in db.
[2024-05-03 22:39:59] #WARNING  db_requests.py:192 - database.db_requests - Info for expense Молоко wasn't found in db.
[2024-05-03 22:41:43] #WARNING  db_requests.py:192 - database.db_requests - Info for expense Молоко wasn't found in db.
[2024-05-03 22:43:29] #WARNING  db_requests.py:192 - database.db_requests - Info for expense Молоко wasn't found in db.
[2024-05-03 22:45:07] #WARNING  db_requests.py:192 - database.db_requests - Info for expense Хлеб wasn't found in db.
[2024-05-03 22:45:41] #WARNING  db_requests.py:192 - database.db_requests - Info for expense Мак wasn't found in db.
[2024-05-03 22:48:47] #WARNING  db_requests.py:192 - database.db_requests - Info for expense Молоко wasn't found in db.
[2024-05-03 22:49:19] #WARNING  db_requests.py:192 - database.db_requests - Info for expense Кофе wasn't found in db.
[2024-05-03 22:49:25] #WARNING  db_requests.py:192 - database.db_requests - Info for expense Мак wasn't found in db.
[2024-05-03 22:49:39] #WARNING  db_requests.py:192 - database.db_requests - Info for expense Печень wasn't found in db.
[2024-05-03 22:49:53] #WARNING  db_requests.py:192 - database.db_requests - Info for expense Молоко wasn't found in db.
[2024-05-03 22:57:21] #WARNING  db_requests.py:192 - database.db_requests - Info for expense Колбаса wasn't found in db.
[2024-05-03 22:57:49] #WARNING  db_requests.py:192 - database.db_requests - Info for expense Картошка wasn't found in db.
[2024-05-03 23:00:37] #WARNING  db_requests.py:192 - database.db_requests - Info for expense Колеса wasn't found in db.
[2024-05-03 23:00:51] #WARNING  db_requests.py:192 - database.db_requests - Info for expense Фара wasn't found in db.
[2024-05-03 23:05:17] #WARNING  db_requests.py:192 - database.db_requests - Info for expense Сметана wasn't found in db.
[2024-05-03 23:05:31] #WARNING  db_requests.py:192 - database.db_requests - Info for expense Бумага wasn't found in db.
[2024-05-03 23:05:45] #WARNING  db_requests.py:192 - database.db_requests - Info for expense Курица wasn't found in db.
[2024-05-04 12:32:10] #WARNING  db_requests.py:192 - database.db_requests - Info for expense Молоко wasn't found in db.
[2024-05-04 12:33:10] #WARNING  db_requests.py:192 - database.db_requests - Info for expense Молоко wasn't found in db.
[2024-05-04 12:38:15] #WARNING  db_requests.py:192 - database.db_requests - Info for expense Молоко wasn't found in db.
[2024-05-04 12:38:26] #WARNING  db_requests.py:192 - database.db_requests - Info for expense Чай wasn't found in db.
[2024-05-04 12:38:38] #WARNING  db_requests.py:192 - database.db_requests - Info for expense Шины wasn't found in db.
[2024-05-04 12:39:49] #WARNING  db_requests.py:192 - database.db_requests - Info for expense Такси wasn't found in db.
[2024-05-04 12:40:38] #WARNING  db_requests.py:192 - database.db_requests - Info for expense Такси домой wasn't found in db.
[2024-05-04 12:41:09] #WARNING  db_requests.py:192 - database.db_requests - Info for expense Такси в другой город wasn't found in db.
